API working!
Connected to the database successfully
Database connection established.
API working!
Connected to the database successfully
Database connection established.
API working!
Connected to the database successfully
Database connection established.
API working!
Connected to the database successfully
Database connection established.
[
  'eyJhbGciOiJIUzI1NiIsInR5cCI6IkpXVCJ9.eyJpZCI6MSwiaWF0IjoxNzM1NTUzNjM4LCJleHAiOjE3NDMzMjk2Mzh9.oy0Spub_hIguvrRsOcA8x4a2gNLH12ZxnwOWcsFPYtw'
]
[
  'eyJhbGciOiJIUzI1NiIsInR5cCI6IkpXVCJ9.eyJpZCI6MSwiaWF0IjoxNzM1NTUzNjM4LCJleHAiOjE3NDMzMjk2Mzh9.oy0Spub_hIguvrRsOcA8x4a2gNLH12ZxnwOWcsFPYtw',
  'eyJhbGciOiJIUzI1NiIsInR5cCI6IkpXVCJ9.eyJpZCI6MSwiaWF0IjoxNzM1NTUzNjY5LCJleHAiOjE3NDMzMjk2Njl9.H0x7gX8hu8L3wTJxzGZMoe6PdpChVKhh_qAljTw54K0'
]
[
  'eyJhbGciOiJIUzI1NiIsInR5cCI6IkpXVCJ9.eyJpZCI6MSwiaWF0IjoxNzM1NTUzNjM4LCJleHAiOjE3NDMzMjk2Mzh9.oy0Spub_hIguvrRsOcA8x4a2gNLH12ZxnwOWcsFPYtw',
  'eyJhbGciOiJIUzI1NiIsInR5cCI6IkpXVCJ9.eyJpZCI6MSwiaWF0IjoxNzM1NTUzNjY5LCJleHAiOjE3NDMzMjk2Njl9.H0x7gX8hu8L3wTJxzGZMoe6PdpChVKhh_qAljTw54K0',
  'eyJhbGciOiJIUzI1NiIsInR5cCI6IkpXVCJ9.eyJpZCI6MSwiaWF0IjoxNzM1NTUzNjgxLCJleHAiOjE3NDMzMjk2ODF9.PArPlWfR07i-kpv-Htskm07uPSCUa-DuVJVG9aftrcg'
]
[
  'eyJhbGciOiJIUzI1NiIsInR5cCI6IkpXVCJ9.eyJpZCI6MSwiaWF0IjoxNzM1NTUzNjM4LCJleHAiOjE3NDMzMjk2Mzh9.oy0Spub_hIguvrRsOcA8x4a2gNLH12ZxnwOWcsFPYtw',
  'eyJhbGciOiJIUzI1NiIsInR5cCI6IkpXVCJ9.eyJpZCI6MSwiaWF0IjoxNzM1NTUzNjY5LCJleHAiOjE3NDMzMjk2Njl9.H0x7gX8hu8L3wTJxzGZMoe6PdpChVKhh_qAljTw54K0',
  'eyJhbGciOiJIUzI1NiIsInR5cCI6IkpXVCJ9.eyJpZCI6MSwiaWF0IjoxNzM1NTUzNjgxLCJleHAiOjE3NDMzMjk2ODF9.PArPlWfR07i-kpv-Htskm07uPSCUa-DuVJVG9aftrcg',
  'eyJhbGciOiJIUzI1NiIsInR5cCI6IkpXVCJ9.eyJpZCI6MSwiaWF0IjoxNzM1NTUzNzAwLCJleHAiOjE3NDMzMjk3MDB9.wdYE62AJ1KjeVxLTSHF-VjKweSreYZXH6FdHWvZvgmA'
]
[
  'eyJhbGciOiJIUzI1NiIsInR5cCI6IkpXVCJ9.eyJpZCI6MSwiaWF0IjoxNzM1NTUzNjM4LCJleHAiOjE3NDMzMjk2Mzh9.oy0Spub_hIguvrRsOcA8x4a2gNLH12ZxnwOWcsFPYtw',
  'eyJhbGciOiJIUzI1NiIsInR5cCI6IkpXVCJ9.eyJpZCI6MSwiaWF0IjoxNzM1NTUzNjY5LCJleHAiOjE3NDMzMjk2Njl9.H0x7gX8hu8L3wTJxzGZMoe6PdpChVKhh_qAljTw54K0',
  'eyJhbGciOiJIUzI1NiIsInR5cCI6IkpXVCJ9.eyJpZCI6MSwiaWF0IjoxNzM1NTUzNjgxLCJleHAiOjE3NDMzMjk2ODF9.PArPlWfR07i-kpv-Htskm07uPSCUa-DuVJVG9aftrcg',
  'eyJhbGciOiJIUzI1NiIsInR5cCI6IkpXVCJ9.eyJpZCI6MSwiaWF0IjoxNzM1NTUzNzAwLCJleHAiOjE3NDMzMjk3MDB9.wdYE62AJ1KjeVxLTSHF-VjKweSreYZXH6FdHWvZvgmA',
  'eyJhbGciOiJIUzI1NiIsInR5cCI6IkpXVCJ9.eyJpZCI6MSwiaWF0IjoxNzM1NTU0MTU3LCJleHAiOjE3NDMzMzAxNTd9.B8cfJjjgyBdG8DpYtS560qNHtSQtUBZ3f8HZZ4oqZqI'
]
API working!
Connected to the database successfully
Database connection established.
API working!
Connected to the database successfully
Database connection established.
[
  'eyJhbGciOiJIUzI1NiIsInR5cCI6IkpXVCJ9.eyJpZCI6MiwiaWF0IjoxNzM1NjM5NzU1LCJleHAiOjE3NDM0MTU3NTV9.R8Ww4_lmFRNO3iowd9lTW_Xvsvc9Q1oTYCWz0ZfJyJo'
]
[
  'eyJhbGciOiJIUzI1NiIsInR5cCI6IkpXVCJ9.eyJpZCI6MiwiaWF0IjoxNzM1NjM5NzU1LCJleHAiOjE3NDM0MTU3NTV9.R8Ww4_lmFRNO3iowd9lTW_Xvsvc9Q1oTYCWz0ZfJyJo'
]
[
  'eyJhbGciOiJIUzI1NiIsInR5cCI6IkpXVCJ9.eyJpZCI6MSwiaWF0IjoxNzM1NTUzNjM4LCJleHAiOjE3NDMzMjk2Mzh9.oy0Spub_hIguvrRsOcA8x4a2gNLH12ZxnwOWcsFPYtw',
  'eyJhbGciOiJIUzI1NiIsInR5cCI6IkpXVCJ9.eyJpZCI6MSwiaWF0IjoxNzM1NTUzNjY5LCJleHAiOjE3NDMzMjk2Njl9.H0x7gX8hu8L3wTJxzGZMoe6PdpChVKhh_qAljTw54K0',
  'eyJhbGciOiJIUzI1NiIsInR5cCI6IkpXVCJ9.eyJpZCI6MSwiaWF0IjoxNzM1NTUzNjgxLCJleHAiOjE3NDMzMjk2ODF9.PArPlWfR07i-kpv-Htskm07uPSCUa-DuVJVG9aftrcg',
  'eyJhbGciOiJIUzI1NiIsInR5cCI6IkpXVCJ9.eyJpZCI6MSwiaWF0IjoxNzM1NTUzNzAwLCJleHAiOjE3NDMzMjk3MDB9.wdYE62AJ1KjeVxLTSHF-VjKweSreYZXH6FdHWvZvgmA',
  'eyJhbGciOiJIUzI1NiIsInR5cCI6IkpXVCJ9.eyJpZCI6MSwiaWF0IjoxNzM1NTU0MTU3LCJleHAiOjE3NDMzMzAxNTd9.B8cfJjjgyBdG8DpYtS560qNHtSQtUBZ3f8HZZ4oqZqI',
  'eyJhbGciOiJIUzI1NiIsInR5cCI6IkpXVCJ9.eyJpZCI6MSwiaWF0IjoxNzM1NjMzMjkwLCJleHAiOjE3NDM0MDkyOTB9.a7coHEPbQu2cbpv4FKmHFnIAP5ZJNggbSuIDWKsRNAk',
  'eyJhbGciOiJIUzI1NiIsInR5cCI6IkpXVCJ9.eyJpZCI6MSwiaWF0IjoxNzM1NjMzNTA1LCJleHAiOjE3NDM0MDk1MDV9.ZxtFloacVkOzxpCu6uUyT6zjV6aSp0ohT5qJdiwBCK4',
  'eyJhbGciOiJIUzI1NiIsInR5cCI6IkpXVCJ9.eyJpZCI6MSwiaWF0IjoxNzM1NjMzODUxLCJleHAiOjE3NDM0MDk4NTF9.7Zx77D3FGuGdvekCSKpQTVIylzjWphKy_yD5VPopVrQ',
  'eyJhbGciOiJIUzI1NiIsInR5cCI6IkpXVCJ9.eyJpZCI6MSwiaWF0IjoxNzM1NjMzOTUwLCJleHAiOjE3NDM0MDk5NTB9.HODuKLeepk4SxMbwejmj2UHdvI4LUhF5XdjrE3aHu5I',
  'eyJhbGciOiJIUzI1NiIsInR5cCI6IkpXVCJ9.eyJpZCI6MSwiaWF0IjoxNzM1NjMzOTc5LCJleHAiOjE3NDM0MDk5Nzl9.O6A3mTC83u6_Zouu1tROeJbDzEblgTsPknKxR84Oh64',
  'eyJhbGciOiJIUzI1NiIsInR5cCI6IkpXVCJ9.eyJpZCI6MSwiaWF0IjoxNzM1NjM0MDA0LCJleHAiOjE3NDM0MTAwMDR9.MGjPYm6AM_-0Mfyv_d3vpEQ3wNYDAhguO0hkzm08rZc',
  'eyJhbGciOiJIUzI1NiIsInR5cCI6IkpXVCJ9.eyJpZCI6MSwiaWF0IjoxNzM1NjM1MjY5LCJleHAiOjE3NDM0MTEyNjl9.c0eA2uRZdbDKM4973GmfDjnR23QIyzHCBPMvC1ZH9AQ',
  'eyJhbGciOiJIUzI1NiIsInR5cCI6IkpXVCJ9.eyJpZCI6MSwiaWF0IjoxNzM1NjM1NjczLCJleHAiOjE3NDM0MTE2NzN9.qPlL8J4L9E2BGSQQromlWZkRVQsmb47rc1NcrmJFIhM',
  'eyJhbGciOiJIUzI1NiIsInR5cCI6IkpXVCJ9.eyJpZCI6MSwiaWF0IjoxNzM1NjM1NjgyLCJleHAiOjE3NDM0MTE2ODJ9.WGfM41QDMIA4COf1jrTrc67YxABqSBBGpol3XW1GVGI',
  'eyJhbGciOiJIUzI1NiIsInR5cCI6IkpXVCJ9.eyJpZCI6MSwiaWF0IjoxNzM1NjM1ODIxLCJleHAiOjE3NDM0MTE4MjF9.gyz4s8qIiR-J26mGSSXC1Rhd8J9hHR7-lv4BgV-Yf98',
  'eyJhbGciOiJIUzI1NiIsInR5cCI6IkpXVCJ9.eyJpZCI6MSwiaWF0IjoxNzM1NjM2MDM5LCJleHAiOjE3NDM0MTIwMzl9.b824ZS9nQurHmd_LkTnBOnmEqb6JwgmS6gK_xRE1J_g',
  'eyJhbGciOiJIUzI1NiIsInR5cCI6IkpXVCJ9.eyJpZCI6MSwiaWF0IjoxNzM1NjM2MDg3LCJleHAiOjE3NDM0MTIwODd9.PiyOwPtf2W5Ic5wr9xLGvThNjpML76wgN9UKX7zAvHc',
  'eyJhbGciOiJIUzI1NiIsInR5cCI6IkpXVCJ9.eyJpZCI6MSwiaWF0IjoxNzM1NjM3MzM5LCJleHAiOjE3NDM0MTMzMzl9.a48dFG54cbKsbyCSTuYJZ4KNDe7ztxnDWX3c4s9nmjs',
  'eyJhbGciOiJIUzI1NiIsInR5cCI6IkpXVCJ9.eyJpZCI6MSwiaWF0IjoxNzM1NjM5NzY4LCJleHAiOjE3NDM0MTU3Njh9.ldkWLlvnIj3W-ZH0Tw5UTiQxF0zIcUFvApYQeDdF9r0'
]
[
  'eyJhbGciOiJIUzI1NiIsInR5cCI6IkpXVCJ9.eyJpZCI6MSwiaWF0IjoxNzM1NTUzNjM4LCJleHAiOjE3NDMzMjk2Mzh9.oy0Spub_hIguvrRsOcA8x4a2gNLH12ZxnwOWcsFPYtw',
  'eyJhbGciOiJIUzI1NiIsInR5cCI6IkpXVCJ9.eyJpZCI6MSwiaWF0IjoxNzM1NTUzNjY5LCJleHAiOjE3NDMzMjk2Njl9.H0x7gX8hu8L3wTJxzGZMoe6PdpChVKhh_qAljTw54K0',
  'eyJhbGciOiJIUzI1NiIsInR5cCI6IkpXVCJ9.eyJpZCI6MSwiaWF0IjoxNzM1NTUzNjgxLCJleHAiOjE3NDMzMjk2ODF9.PArPlWfR07i-kpv-Htskm07uPSCUa-DuVJVG9aftrcg',
  'eyJhbGciOiJIUzI1NiIsInR5cCI6IkpXVCJ9.eyJpZCI6MSwiaWF0IjoxNzM1NTUzNzAwLCJleHAiOjE3NDMzMjk3MDB9.wdYE62AJ1KjeVxLTSHF-VjKweSreYZXH6FdHWvZvgmA',
  'eyJhbGciOiJIUzI1NiIsInR5cCI6IkpXVCJ9.eyJpZCI6MSwiaWF0IjoxNzM1NTU0MTU3LCJleHAiOjE3NDMzMzAxNTd9.B8cfJjjgyBdG8DpYtS560qNHtSQtUBZ3f8HZZ4oqZqI',
  'eyJhbGciOiJIUzI1NiIsInR5cCI6IkpXVCJ9.eyJpZCI6MSwiaWF0IjoxNzM1NjMzMjkwLCJleHAiOjE3NDM0MDkyOTB9.a7coHEPbQu2cbpv4FKmHFnIAP5ZJNggbSuIDWKsRNAk',
  'eyJhbGciOiJIUzI1NiIsInR5cCI6IkpXVCJ9.eyJpZCI6MSwiaWF0IjoxNzM1NjMzNTA1LCJleHAiOjE3NDM0MDk1MDV9.ZxtFloacVkOzxpCu6uUyT6zjV6aSp0ohT5qJdiwBCK4',
  'eyJhbGciOiJIUzI1NiIsInR5cCI6IkpXVCJ9.eyJpZCI6MSwiaWF0IjoxNzM1NjMzODUxLCJleHAiOjE3NDM0MDk4NTF9.7Zx77D3FGuGdvekCSKpQTVIylzjWphKy_yD5VPopVrQ',
  'eyJhbGciOiJIUzI1NiIsInR5cCI6IkpXVCJ9.eyJpZCI6MSwiaWF0IjoxNzM1NjMzOTUwLCJleHAiOjE3NDM0MDk5NTB9.HODuKLeepk4SxMbwejmj2UHdvI4LUhF5XdjrE3aHu5I',
  'eyJhbGciOiJIUzI1NiIsInR5cCI6IkpXVCJ9.eyJpZCI6MSwiaWF0IjoxNzM1NjMzOTc5LCJleHAiOjE3NDM0MDk5Nzl9.O6A3mTC83u6_Zouu1tROeJbDzEblgTsPknKxR84Oh64',
  'eyJhbGciOiJIUzI1NiIsInR5cCI6IkpXVCJ9.eyJpZCI6MSwiaWF0IjoxNzM1NjM0MDA0LCJleHAiOjE3NDM0MTAwMDR9.MGjPYm6AM_-0Mfyv_d3vpEQ3wNYDAhguO0hkzm08rZc',
  'eyJhbGciOiJIUzI1NiIsInR5cCI6IkpXVCJ9.eyJpZCI6MSwiaWF0IjoxNzM1NjM1MjY5LCJleHAiOjE3NDM0MTEyNjl9.c0eA2uRZdbDKM4973GmfDjnR23QIyzHCBPMvC1ZH9AQ',
  'eyJhbGciOiJIUzI1NiIsInR5cCI6IkpXVCJ9.eyJpZCI6MSwiaWF0IjoxNzM1NjM1NjczLCJleHAiOjE3NDM0MTE2NzN9.qPlL8J4L9E2BGSQQromlWZkRVQsmb47rc1NcrmJFIhM',
  'eyJhbGciOiJIUzI1NiIsInR5cCI6IkpXVCJ9.eyJpZCI6MSwiaWF0IjoxNzM1NjM1NjgyLCJleHAiOjE3NDM0MTE2ODJ9.WGfM41QDMIA4COf1jrTrc67YxABqSBBGpol3XW1GVGI',
  'eyJhbGciOiJIUzI1NiIsInR5cCI6IkpXVCJ9.eyJpZCI6MSwiaWF0IjoxNzM1NjM1ODIxLCJleHAiOjE3NDM0MTE4MjF9.gyz4s8qIiR-J26mGSSXC1Rhd8J9hHR7-lv4BgV-Yf98',
  'eyJhbGciOiJIUzI1NiIsInR5cCI6IkpXVCJ9.eyJpZCI6MSwiaWF0IjoxNzM1NjM2MDM5LCJleHAiOjE3NDM0MTIwMzl9.b824ZS9nQurHmd_LkTnBOnmEqb6JwgmS6gK_xRE1J_g',
  'eyJhbGciOiJIUzI1NiIsInR5cCI6IkpXVCJ9.eyJpZCI6MSwiaWF0IjoxNzM1NjM2MDg3LCJleHAiOjE3NDM0MTIwODd9.PiyOwPtf2W5Ic5wr9xLGvThNjpML76wgN9UKX7zAvHc',
  'eyJhbGciOiJIUzI1NiIsInR5cCI6IkpXVCJ9.eyJpZCI6MSwiaWF0IjoxNzM1NjM3MzM5LCJleHAiOjE3NDM0MTMzMzl9.a48dFG54cbKsbyCSTuYJZ4KNDe7ztxnDWX3c4s9nmjs',
  'eyJhbGciOiJIUzI1NiIsInR5cCI6IkpXVCJ9.eyJpZCI6MSwiaWF0IjoxNzM1NjM5NzY4LCJleHAiOjE3NDM0MTU3Njh9.ldkWLlvnIj3W-ZH0Tw5UTiQxF0zIcUFvApYQeDdF9r0',
  'eyJhbGciOiJIUzI1NiIsInR5cCI6IkpXVCJ9.eyJpZCI6MSwiaWF0IjoxNzM1NjM5NzczLCJleHAiOjE3NDM0MTU3NzN9.7VpmbfT4PRIR14rYSzxUy34WTFICE74SI_HKdDW2-K4'
]
